c:\users\mikhail\source\repos\first app\first app\debug\vc142.pdb
c:\users\mikhail\source\repos\first app\first app\debug\vc142.idb
c:\users\mikhail\source\repos\first app\first app\debug\trainings.obj
c:\users\mikhail\source\repos\first app\first app\debug\tiles.obj
c:\users\mikhail\source\repos\first app\first app\debug\print.obj
c:\users\mikhail\source\repos\first app\first app\debug\math.obj
c:\users\mikhail\source\repos\first app\first app\debug\lessonstasks.obj
c:\users\mikhail\source\repos\first app\first app\debug\first app.obj
c:\users\mikhail\source\repos\first app\first app\debug\auto.obj
c:\users\mikhail\source\repos\first app\first app\debug\askname.obj
c:\users\mikhail\source\repos\first app\first app\debug\askage.obj
c:\users\mikhail\source\repos\first app\first app\debug\2 - введение в ооп. классы и объекты.obj
c:\users\mikhail\source\repos\first app\first app\debug\arraysminimal.obj
c:\users\mikhail\source\repos\first app\first app\debug\human.obj
c:\users\mikhail\source\repos\first app\debug\first app.exe
c:\users\mikhail\source\repos\first app\debug\first app.ilk
c:\users\mikhail\source\repos\first app\debug\first app.pdb
c:\users\mikhail\source\repos\first app\first app\debug\first app.res
c:\users\mikhail\source\repos\first app\first app\debug\trainings.new.obj.enc
c:\users\mikhail\source\repos\first app\first app\debug\first app.tlog\cl.command.1.tlog
c:\users\mikhail\source\repos\first app\first app\debug\first app.tlog\cl.read.1.tlog
c:\users\mikhail\source\repos\first app\first app\debug\first app.tlog\cl.write.1.tlog
c:\users\mikhail\source\repos\first app\first app\debug\first app.tlog\link.command.1.tlog
c:\users\mikhail\source\repos\first app\first app\debug\first app.tlog\link.read.1.tlog
c:\users\mikhail\source\repos\first app\first app\debug\first app.tlog\link.write.1.tlog
c:\users\mikhail\source\repos\first app\first app\debug\first app.tlog\rc.command.1.tlog
c:\users\mikhail\source\repos\first app\first app\debug\first app.tlog\rc.read.1.tlog
c:\users\mikhail\source\repos\first app\first app\debug\first app.tlog\rc.write.1.tlog
